<?xml version="1.0" encoding="UTF-8"?>
<testng-results ignored="0" total="1" passed="1" failed="0" skipped="0">
  <reporter-output>
  </reporter-output>
  <suite started-at="2024-03-17T12:49:25 IST" name="Default suite" finished-at="2024-03-17T12:49:40 IST" duration-ms="14466">
    <groups>
    </groups>
    <test started-at="2024-03-17T12:49:25 IST" name="Default test" finished-at="2024-03-17T12:49:40 IST" duration-ms="14466">
      <class name="test1.Google">
        <test-method signature="flipkart()[pri:0, instance:test1.Google@548a24a]" started-at="2024-03-17T12:49:26 IST" name="flipkart" finished-at="2024-03-17T12:49:40 IST" duration-ms="14389" status="PASS">
          <reporter-output>
          </reporter-output>
        </test-method> <!-- flipkart -->
      </class> <!-- test1.Google -->
    </test> <!-- Default test -->
  </suite> <!-- Default suite -->
</testng-results>
